[debug] [2024-03-15T16:20:04.535Z] ----------------------------------------------------------------------
[debug] [2024-03-15T16:20:04.540Z] Command:       C:\Program Files\nodejs\node.exe C:\Users\Lakshay\AppData\Roaming\npm\node_modules\firebase-tools\lib\bin\firebase.js init
[debug] [2024-03-15T16:20:04.541Z] CLI Version:   13.5.1
[debug] [2024-03-15T16:20:04.541Z] Platform:      win32
[debug] [2024-03-15T16:20:04.542Z] Node Version:  v20.11.0
[debug] [2024-03-15T16:20:04.542Z] Time:          Fri Mar 15 2024 21:50:04 GMT+0530 (India Standard Time)
[debug] [2024-03-15T16:20:04.542Z] ----------------------------------------------------------------------
[debug] 
[debug] [2024-03-15T16:20:04.732Z] > command requires scopes: ["email","openid","https://www.googleapis.com/auth/cloudplatformprojects.readonly","https://www.googleapis.com/auth/firebase","https://www.googleapis.com/auth/cloud-platform"]
[debug] [2024-03-15T16:20:04.734Z] > authorizing via signed-in user (lakshaysaini92558@gmail.com)
[info] 
     ######## #### ########  ######## ########     ###     ######  ########
     ##        ##  ##     ## ##       ##     ##  ##   ##  ##       ##
     ######    ##  ########  ######   ########  #########  ######  ######
     ##        ##  ##    ##  ##       ##     ## ##     ##       ## ##
     ##       #### ##     ## ######## ########  ##     ##  ######  ########

You're about to initialize a Firebase project in this directory:

  C:\Users\Lakshay\ThrillSeeker

Before we get started, keep in mind:

  * You are initializing within an existing Firebase project directory

[info] 
=== Project Setup
[info] 
[info] First, let's associate this project directory with a Firebase project.
[info] You can create multiple project aliases by running firebase use --add, 
[info] but for now we'll just set up a default project.
[info] 
[debug] [2024-03-15T16:21:04.934Z] Using project from CLI flag: thrill-seeker-57fc9
[debug] [2024-03-15T16:21:04.936Z] > refreshing access token with scopes: []
[debug] [2024-03-15T16:21:04.939Z] >>> [apiv2][query] POST https://www.googleapis.com/oauth2/v3/token [none]
[debug] [2024-03-15T16:21:04.940Z] >>> [apiv2][body] POST https://www.googleapis.com/oauth2/v3/token [omitted]
[debug] [2024-03-15T16:21:09.849Z] <<< [apiv2][status] POST https://www.googleapis.com/oauth2/v3/token 200
[debug] [2024-03-15T16:21:09.849Z] <<< [apiv2][body] POST https://www.googleapis.com/oauth2/v3/token [omitted]
[debug] [2024-03-15T16:21:09.909Z] >>> [apiv2][query] GET https://firebase.googleapis.com/v1beta1/projects/thrill-seeker-57fc9 [none]
[debug] [2024-03-15T16:21:16.937Z] <<< [apiv2][status] GET https://firebase.googleapis.com/v1beta1/projects/thrill-seeker-57fc9 403
[debug] [2024-03-15T16:21:16.938Z] <<< [apiv2][body] GET https://firebase.googleapis.com/v1beta1/projects/thrill-seeker-57fc9 {"error":{"code":403,"message":"The caller does not have permission","status":"PERMISSION_DENIED"}}
[debug] [2024-03-15T16:21:16.940Z] HTTP Error: 403, The caller does not have permission
[debug] [2024-03-15T16:21:19.940Z] FirebaseError: HTTP Error: 403, The caller does not have permission
    at responseToError (C:\Users\Lakshay\AppData\Roaming\npm\node_modules\firebase-tools\lib\responseToError.js:49:12)
    at RetryOperation._fn (C:\Users\Lakshay\AppData\Roaming\npm\node_modules\firebase-tools\lib\apiv2.js:297:77)
    at process.processTicksAndRejections (node:internal/process/task_queues:95:5)
[error] 
[error] Error: Failed to get Firebase project thrill-seeker-57fc9. Please make sure the project exists and your account has permission to access it.
